Case #1: 15 25
Case #2: 0 0
Case #3: 81 567
Case #4: 181 244
Case #5: 0 0
Case #6: 5000000 5000000
Case #7: 10000 9990000
Case #8: 4232 9428
Case #9: 10216 19890
Case #10: 11491 22940
Case #11: 12179 32393
Case #12: 21821 32611
Case #13: 7299 38721
Case #14: 18938 37773
Case #15: 17402 45942
Case #16: 23506 70008
Case #17: 22214 47443
Case #18: 17324 33614
Case #19: 29367 57727
Case #20: 30073 77448
Case #21: 33453 68144
Case #22: 34560 89099
Case #23: 27961 84795
Case #24: 36323 92088
Case #25: 28787 100934
Case #26: 33196 133007
Case #27: 37539 120515
Case #28: 40333 86349
Case #29: 37532 110811
Case #30: 53076 134746
Case #31: 49720 115276
Case #32: 52682 113170
Case #33: 45664 169266
Case #34: 40875 129653
Case #35: 46478 129000
Case #36: 44653 152384
Case #37: 60917 153533
Case #38: 52539 155578
Case #39: 80280 188968
Case #40: 61338 212682
Case #41: 61099 152921
Case #42: 62405 155658
Case #43: 56301 190827
Case #44: 63925 201353
Case #45: 60260 165080
Case #46: 61077 186687
Case #47: 70534 189315
Case #48: 81450 212348
Case #49: 80310 213370
Case #50: 76071 221366
Case #51: 86854 262368
Case #52: 69653 211540
Case #53: 88960 248251
Case #54: 1698869 4852864
Case #55: 1663390 5045644
Case #56: 1670063 5050107
Case #57: 1672993 4725743
Case #58: 1638627 4859408
Case #59: 1649131 4860773
Case #60: 1743630 5014235
Case #61: 1687221 5158591
Case #62: 1682908 4878334
Case #63: 1714933 4996476
Case #64: 1655876 5195303
Case #65: 1663030 5015207
Case #66: 1688961 5143153
Case #67: 1634001 4937923
Case #68: 1695704 4987622
Case #69: 1654421 5185351
Case #70: 1713293 4829820
Case #71: 1626704 5024242
Case #72: 1669400 5066843
Case #73: 1638216 4916351
Case #74: 1607973 4825340
Case #75: 1658579 5048148
Case #76: 1667614 4959467
Case #77: 1686849 5136625
Case #78: 1623633 4867230
Case #79: 1638645 4967076
Case #80: 1719426 5143461
Case #81: 1626226 4973721
Case #82: 1683138 4994857
Case #83: 1664041 5070022
Case #84: 1702268 4946699
Case #85: 1696076 4835248
Case #86: 1675197 5083525
Case #87: 1743881 5019341
Case #88: 1630883 5020841
Case #89: 1708423 4895970
Case #90: 1705437 4957388
Case #91: 1667314 5046161
Case #92: 1691734 5158768
Case #93: 1637140 4976722
Case #94: 1635251 5010257
Case #95: 1664744 4937007
Case #96: 1634049 5041570
Case #97: 1714316 5011209
Case #98: 1599715 4919103
Case #99: 1661907 4895943
Case #100: 1646110 4843110
