Case #1: 15 25
Case #2: 0 0
Case #3: 81 567
Case #4: 181 244
Case #5: 0 0
Case #6: 500 500
Case #7: 100 900
Case #8: 15 42
Case #9: 128 201
Case #10: 148 231
Case #11: 123 303
Case #12: 184 280
Case #13: 150 517
Case #14: 159 392
Case #15: 189 261
Case #16: 211 355
Case #17: 147 446
Case #18: 151 299
Case #19: 152 470
Case #20: 165 565
Case #21: 187 369
Case #22: 132 476
Case #23: 284 441
Case #24: 150 383
Case #25: 94 279
Case #26: 122 536
Case #27: 110 265
Case #28: 122 499
Case #29: 188 265
Case #30: 218 362
Case #31: 196 491
Case #32: 135 238
Case #33: 212 303
Case #34: 136 422
Case #35: 178 490
Case #36: 110 444
Case #37: 70 261
Case #38: 184 361
Case #39: 129 396
Case #40: 202 405
Case #41: 136 230
Case #42: 208 348
Case #43: 141 344
Case #44: 167 345
Case #45: 202 542
Case #46: 176 383
Case #47: 223 336
Case #48: 128 520
Case #49: 108 293
Case #50: 151 477
Case #51: 254 479
Case #52: 111 270
Case #53: 102 297
Case #54: 216 412
Case #55: 165 497
Case #56: 196 419
Case #57: 136 225
Case #58: 151 401
Case #59: 203 496
Case #60: 156 314
Case #61: 135 273
Case #62: 220 414
Case #63: 82 441
Case #64: 116 381
Case #65: 190 351
Case #66: 143 331
Case #67: 95 297
Case #68: 134 400
Case #69: 163 478
Case #70: 160 341
Case #71: 141 328
Case #72: 111 308
Case #73: 161 306
Case #74: 53 297
Case #75: 268 460
Case #76: 224 393
Case #77: 225 333
Case #78: 154 453
Case #79: 172 428
Case #80: 132 276
Case #81: 183 395
Case #82: 195 428
Case #83: 94 211
Case #84: 182 396
Case #85: 180 509
Case #86: 123 310
Case #87: 107 255
Case #88: 159 323
Case #89: 71 252
Case #90: 160 390
Case #91: 89 254
Case #92: 174 350
Case #93: 127 328
Case #94: 118 284
Case #95: 126 438
Case #96: 262 422
Case #97: 187 492
Case #98: 97 387
Case #99: 150 442
Case #100: 188 335
