Case #1: 15 25
Case #2: 0 0
Case #3: 81 567
Case #4: 181 244
Case #5: 0 0
Case #6: 500 500
Case #7: 100 900
Case #8: 58 146
Case #9: 61 160
Case #10: 96 298
Case #11: 117 387
Case #12: 151 250
Case #13: 180 295
Case #14: 234 493
Case #15: 80 288
Case #16: 131 417
Case #17: 226 442
Case #18: 166 482
Case #19: 136 302
Case #20: 96 377
Case #21: 147 454
Case #22: 199 474
Case #23: 163 296
Case #24: 111 226
Case #25: 109 338
Case #26: 124 361
Case #27: 109 334
Case #28: 117 322
Case #29: 190 355
Case #30: 214 352
Case #31: 156 429
Case #32: 119 489
Case #33: 119 315
Case #34: 188 480
Case #35: 128 461
Case #36: 93 256
Case #37: 172 388
Case #38: 147 329
Case #39: 154 411
Case #40: 151 481
Case #41: 203 313
Case #42: 202 436
Case #43: 133 293
Case #44: 199 498
Case #45: 220 418
Case #46: 227 463
Case #47: 95 388
Case #48: 155 295
Case #49: 88 270
Case #50: 303 518
Case #51: 62 149
Case #52: 129 446
Case #53: 196 346
Case #54: 133 484
Case #55: 137 498
Case #56: 121 320
Case #57: 151 397
Case #58: 196 385
Case #59: 146 268
Case #60: 125 368
Case #61: 185 530
Case #62: 77 355
Case #63: 108 207
Case #64: 102 266
Case #65: 183 380
Case #66: 256 468
Case #67: 153 554
Case #68: 236 576
Case #69: 160 387
Case #70: 242 425
Case #71: 195 294
Case #72: 127 503
Case #73: 90 184
Case #74: 100 464
Case #75: 102 302
Case #76: 202 474
Case #77: 120 303
Case #78: 129 281
Case #79: 145 289
Case #80: 124 342
Case #81: 167 387
Case #82: 145 299
Case #83: 143 307
Case #84: 128 286
Case #85: 209 400
Case #86: 229 327
Case #87: 185 413
Case #88: 95 330
Case #89: 60 230
Case #90: 162 450
Case #91: 126 391
Case #92: 163 423
Case #93: 134 447
Case #94: 202 313
Case #95: 113 412
Case #96: 133 378
Case #97: 157 352
Case #98: 144 487
Case #99: 109 387
Case #100: 103 300
